<?xml version="1.0" encoding="UTF-8"?>
<!-- Generated by org.testng.reporters.JUnitReportReporter -->
<testsuite skipped="0" hostname="LAPTOP-M1QCSK2F" name="org.testNgQuestions.FlipkartLoginTCs" tests="3" failures="0" timestamp="15 Jul 2022 10:11:29 GMT" time="26.120" errors="0">
  <testcase name="tc2" time="11.581" classname="org.testNgQuestions.FlipkartLoginTCs"/>
  <testcase name="tc1" time="6.496" classname="org.testNgQuestions.FlipkartLoginTCs"/>
  <testcase name="tc1" time="8.043" classname="org.testNgQuestions.FlipkartLoginTCs"/>
</testsuite> <!-- org.testNgQuestions.FlipkartLoginTCs -->
