<?xml version="1.0" encoding="UTF-8"?>
<!-- Generated by org.testng.reporters.JUnitReportReporter -->
<testsuite skipped="0" hostname="LAPTOP-M1QCSK2F" name="org.ng.testng.Parameterization" tests="1" failures="0" timestamp="15 Jul 2022 15:51:45 GMT" time="9.082" errors="0">
  <testcase name="login_tc1" time="9.082" classname="org.ng.testng.Parameterization"/>
</testsuite> <!-- org.ng.testng.Parameterization -->
