<?xml version="1.0" encoding="UTF-8"?>
<!-- Generated by org.testng.reporters.JUnitReportReporter -->
<testsuite skipped="1" hostname="LAPTOP-M1QCSK2F" name="org.ng.testng.Invocation" tests="9" failures="0" timestamp="10 Jul 2022 05:27:20 GMT" time="0.023" errors="0">
  <testcase name="tc4" time="0.001" classname="org.ng.testng.Invocation"/>
  <testcase name="tc1" time="0.014" classname="org.ng.testng.Invocation"/>
  <testcase name="tc4" time="0.001" classname="org.ng.testng.Invocation"/>
  <testcase name="tc4" time="0.000" classname="org.ng.testng.Invocation"/>
  <testcase name="tc4" time="0.002" classname="org.ng.testng.Invocation"/>
  <testcase name="tc4" time="0.001" classname="org.ng.testng.Invocation"/>
  <testcase name="tc5" time="0.001" classname="org.ng.testng.Invocation"/>
  <testcase name="tc3" time="0.003" classname="org.ng.testng.Invocation"/>
  <testcase name="tc2" classname="org.ng.testng.Invocation">
    <skipped/>
  </testcase> <!-- tc2 -->
</testsuite> <!-- org.ng.testng.Invocation -->
