<?xml version="1.0" encoding="UTF-8"?>
<!-- Generated by org.testng.reporters.JUnitReportReporter -->
<testsuite skipped="0" hostname="LAPTOP-M1QCSK2F" name="org.pom.D" tests="1" failures="0" timestamp="08 Aug 2022 06:23:04 GMT" time="0.021" errors="0">
  <testcase name="tc10" time="0.021" classname="org.pom.D"/>
</testsuite> <!-- org.pom.D -->
