<?xml version="1.0" encoding="UTF-8"?>
<!-- Generated by org.testng.reporters.JUnitReportReporter -->
<testsuite skipped="0" hostname="LAPTOP-M1QCSK2F" name="org.parallel.testng.A" tests="3" failures="0" timestamp="08 Aug 2022 06:23:04 GMT" time="0.034" errors="0">
  <testcase name="tc1" time="0.021" classname="org.parallel.testng.A"/>
  <testcase name="tc2" time="0.005" classname="org.parallel.testng.A"/>
  <testcase name="tc3" time="0.008" classname="org.parallel.testng.A"/>
</testsuite> <!-- org.parallel.testng.A -->
