<?xml version="1.0" encoding="UTF-8"?>
<!-- Generated by org.testng.reporters.JUnitReportReporter -->
<testsuite skipped="0" hostname="LAPTOP-M1QCSK2F" name="org.testNgQuestions.RedBusLoginTC" tests="1" failures="0" timestamp="13 Jul 2022 15:09:19 GMT" time="45.655" errors="0">
  <testcase name="login_bus" time="45.655" classname="org.testNgQuestions.RedBusLoginTC"/>
</testsuite> <!-- org.testNgQuestions.RedBusLoginTC -->
