<?xml version="1.0" encoding="UTF-8"?>
<!-- Generated by org.testng.reporters.JUnitReportReporter -->
<testsuite skipped="0" hostname="LAPTOP-M1QCSK2F" name="org.ng.testng.TestSuite3" tests="1" failures="0" timestamp="10 Jul 2022 07:40:14 GMT" time="1.473" errors="0">
  <testcase name="login" time="1.473" classname="org.ng.testng.TestSuite3"/>
</testsuite> <!-- org.ng.testng.TestSuite3 -->
