<?xml version="1.0" encoding="UTF-8"?>
<!-- Generated by org.testng.reporters.JUnitReportReporter -->
<testsuite skipped="0" hostname="LAPTOP-M1QCSK2F" name="org.ng.testng.grouping.FacebookClass" tests="3" failures="0" timestamp="15 Jul 2022 06:20:28 GMT" time="0.024" errors="0">
  <testcase name="password" time="0.005" classname="org.ng.testng.grouping.FacebookClass"/>
  <testcase name="sign" time="0.002" classname="org.ng.testng.grouping.FacebookClass"/>
  <testcase name="loginBtn" time="0.017" classname="org.ng.testng.grouping.FacebookClass"/>
</testsuite> <!-- org.ng.testng.grouping.FacebookClass -->
