<?xml version="1.0" encoding="UTF-8"?>
<!-- Generated by org.testng.reporters.JUnitReportReporter -->
<testsuite skipped="0" hostname="LAPTOP-M1QCSK2F" name="org.ng.testng.FacebookLogin" tests="2" failures="0" timestamp="07 Jul 2022 14:05:35 GMT" time="19.794" errors="0">
  <testcase name="tc1" time="12.138" classname="org.ng.testng.FacebookLogin"/>
  <testcase name="tc2" time="7.656" classname="org.ng.testng.FacebookLogin"/>
</testsuite> <!-- org.ng.testng.FacebookLogin -->
