<?xml version="1.0" encoding="UTF-8"?>
<!-- Generated by org.testng.reporters.JUnitReportReporter -->
<testsuite skipped="0" hostname="LAPTOP-M1QCSK2F" name="org.ng.testng.TestNGClass" tests="2" failures="0" timestamp="07 Jul 2022 13:45:09 GMT" time="0.009" errors="0">
  <testcase name="tc1" time="0.007" classname="org.ng.testng.TestNGClass"/>
  <testcase name="tc2" time="0.002" classname="org.ng.testng.TestNGClass"/>
</testsuite> <!-- org.ng.testng.TestNGClass -->
