<?xml version="1.0" encoding="UTF-8"?>
<!-- Generated by org.testng.reporters.JUnitReportReporter -->
<testsuite skipped="0" hostname="LAPTOP-M1QCSK2F" name="org.testNgQuestions.FlipkartLoginParallelTesting" tests="4" failures="0" timestamp="16 Jul 2022 07:41:41 GMT" time="62.756" errors="0">
  <testcase name="tc1" time="13.401" classname="org.testNgQuestions.FlipkartLoginParallelTesting"/>
  <testcase name="tc1" time="19.998" classname="org.testNgQuestions.FlipkartLoginParallelTesting"/>
  <testcase name="tc1" time="11.199" classname="org.testNgQuestions.FlipkartLoginParallelTesting"/>
  <testcase name="tc1" time="18.158" classname="org.testNgQuestions.FlipkartLoginParallelTesting"/>
</testsuite> <!-- org.testNgQuestions.FlipkartLoginParallelTesting -->
