<?xml version="1.0" encoding="UTF-8"?>
<!-- Generated by org.testng.reporters.JUnitReportReporter -->
<testsuite skipped="0" hostname="LAPTOP-M1QCSK2F" name="org.testNgQuestions.FacebookBasedOnGroups" tests="3" failures="0" timestamp="16 Jul 2022 15:03:57 GMT" time="29.551" errors="0">
  <testcase name="register_tc2" time="8.911" classname="org.testNgQuestions.FacebookBasedOnGroups"/>
  <testcase name="register_tc2" time="9.017" classname="org.testNgQuestions.FacebookBasedOnGroups"/>
  <testcase name="register_tc2" time="11.623" classname="org.testNgQuestions.FacebookBasedOnGroups"/>
</testsuite> <!-- org.testNgQuestions.FacebookBasedOnGroups -->
