<?xml version="1.0" encoding="UTF-8"?>
<!-- Generated by org.testng.reporters.JUnitReportReporter -->
<testsuite skipped="0" hostname="LAPTOP-M1QCSK2F" name="org.parallel.testng.B" tests="3" failures="0" timestamp="08 Aug 2022 06:23:04 GMT" time="0.016" errors="0">
  <testcase name="tc4" time="0.005" classname="org.parallel.testng.B"/>
  <testcase name="tc6" time="0.004" classname="org.parallel.testng.B"/>
  <testcase name="tc5" time="0.007" classname="org.parallel.testng.B"/>
</testsuite> <!-- org.parallel.testng.B -->
