<?xml version="1.0" encoding="UTF-8"?>
<!-- Generated by org.testng.reporters.JUnitReportReporter -->
<testsuite skipped="0" hostname="LAPTOP-M1QCSK2F" name="org.ng.testng.grouping.B" tests="2" failures="0" timestamp="15 Jul 2022 06:28:29 GMT" time="0.025" errors="0">
  <testcase name="tc4" time="0.020" classname="org.ng.testng.grouping.B"/>
  <testcase name="tc5" time="0.005" classname="org.ng.testng.grouping.B"/>
</testsuite> <!-- org.ng.testng.grouping.B -->
