<?xml version="1.0" encoding="UTF-8"?>
<!-- Generated by org.testng.reporters.JUnitReportReporter -->
<testsuite skipped="0" hostname="LAPTOP-M1QCSK2F" name="org.parallel.testng.C" tests="3" failures="0" timestamp="08 Aug 2022 06:23:04 GMT" time="0.008" errors="0">
  <testcase name="tc7" time="0.003" classname="org.parallel.testng.C"/>
  <testcase name="tc8" time="0.003" classname="org.parallel.testng.C"/>
  <testcase name="tc9" time="0.002" classname="org.parallel.testng.C"/>
</testsuite> <!-- org.parallel.testng.C -->
