<?xml version="1.0" encoding="UTF-8"?>
<!-- Generated by org.testng.reporters.JUnitReportReporter -->
<testsuite skipped="0" hostname="LAPTOP-M1QCSK2F" name="org.testNgQuestions.GreensTechnologyParallel" tests="2" failures="0" timestamp="16 Jul 2022 05:34:51 GMT" time="63.889" errors="0">
  <testcase name="launch" time="39.435" classname="org.testNgQuestions.GreensTechnologyParallel"/>
  <testcase name="launch" time="24.454" classname="org.testNgQuestions.GreensTechnologyParallel"/>
</testsuite> <!-- org.testNgQuestions.GreensTechnologyParallel -->
