<?xml version="1.0" encoding="UTF-8"?>
<!-- Generated by org.testng.reporters.JUnitReportReporter -->
<testsuite skipped="0" hostname="LAPTOP-M1QCSK2F" name="org.testNgQuestions.FlipkartLoginData" tests="3" failures="0" timestamp="17 Jul 2022 08:39:24 GMT" time="33.067" errors="0">
  <testcase name="login_tc1" time="14.669" classname="org.testNgQuestions.FlipkartLoginData"/>
  <testcase name="login_tc1" time="9.614" classname="org.testNgQuestions.FlipkartLoginData"/>
  <testcase name="login_tc1" time="8.784" classname="org.testNgQuestions.FlipkartLoginData"/>
</testsuite> <!-- org.testNgQuestions.FlipkartLoginData -->
