<?xml version="1.0" encoding="UTF-8"?>
<!-- Generated by org.testng.reporters.JUnitReportReporter -->
<testsuite skipped="0" hostname="LAPTOP-M1QCSK2F" name="org.ng.testng.FlipkartLogin" tests="2" failures="0" timestamp="07 Jul 2022 14:10:59 GMT" time="24.369" errors="0">
  <testcase name="tc1" time="10.735" classname="org.ng.testng.FlipkartLogin"/>
  <testcase name="tc2" time="13.634" classname="org.ng.testng.FlipkartLogin"/>
</testsuite> <!-- org.ng.testng.FlipkartLogin -->
