<?xml version="1.0" encoding="UTF-8"?>
<!-- Generated by org.testng.reporters.JUnitReportReporter -->
<testsuite skipped="0" hostname="LAPTOP-M1QCSK2F" name="org.testNgQuestions.FacebookLoginTC" tests="4" failures="0" timestamp="12 Jul 2022 14:54:59 GMT" time="58.108" errors="0">
  <testcase name="tc1" time="22.854" classname="org.testNgQuestions.FacebookLoginTC"/>
  <testcase name="tc1" time="18.569" classname="org.testNgQuestions.FacebookLoginTC"/>
  <testcase name="tc1" time="8.234" classname="org.testNgQuestions.FacebookLoginTC"/>
  <testcase name="tc1" time="8.451" classname="org.testNgQuestions.FacebookLoginTC"/>
</testsuite> <!-- org.testNgQuestions.FacebookLoginTC -->
