<?xml version="1.0" encoding="UTF-8"?>
<!-- Generated by org.testng.reporters.JUnitReportReporter -->
<testsuite skipped="0" hostname="LAPTOP-M1QCSK2F" name="org.ng.testng.TestNGPriority" tests="3" failures="0" timestamp="10 Jul 2022 05:20:56 GMT" time="28.343" errors="0">
  <testcase name="tc1" time="13.242" classname="org.ng.testng.TestNGPriority"/>
  <testcase name="tc3" time="8.225" classname="org.ng.testng.TestNGPriority"/>
  <testcase name="tc2" time="6.876" classname="org.ng.testng.TestNGPriority"/>
</testsuite> <!-- org.ng.testng.TestNGPriority -->
