<?xml version="1.0" encoding="UTF-8"?>
<!-- Generated by org.testng.reporters.JUnitReportReporter -->
<testsuite skipped="0" hostname="LAPTOP-M1QCSK2F" name="org.testNgQuestions.GenerateReport" tests="1" failures="0" timestamp="16 Jul 2022 06:52:41 GMT" time="14.385" errors="0">
  <testcase name="tc1" time="14.385" classname="org.testNgQuestions.GenerateReport"/>
</testsuite> <!-- org.testNgQuestions.GenerateReport -->
