<?xml version="1.0" encoding="UTF-8"?>
<!-- Generated by org.testng.reporters.JUnitReportReporter -->
<testsuite skipped="0" hostname="LAPTOP-M1QCSK2F" name="org.ng.testng.grouping.A" tests="3" failures="0" timestamp="15 Jul 2022 06:28:29 GMT" time="0.025" errors="0">
  <testcase name="tc1" time="0.020" classname="org.ng.testng.grouping.A"/>
  <testcase name="tc3" time="0.003" classname="org.ng.testng.grouping.A"/>
  <testcase name="tc2" time="0.002" classname="org.ng.testng.grouping.A"/>
</testsuite> <!-- org.ng.testng.grouping.A -->
