<?xml version="1.0" encoding="UTF-8"?>
<!-- Generated by org.testng.reporters.JUnitReportReporter -->
<testsuite skipped="0" hostname="LAPTOP-M1QCSK2F" name="org.ng.cross.CrossBrow" tests="3" failures="0" timestamp="15 Jul 2022 15:04:30 GMT" time="169.237" errors="0">
  <testcase name="tc1" time="10.966" classname="org.ng.cross.CrossBrow"/>
  <testcase name="tc1" time="142.591" classname="org.ng.cross.CrossBrow"/>
  <testcase name="tc1" time="15.680" classname="org.ng.cross.CrossBrow"/>
</testsuite> <!-- org.ng.cross.CrossBrow -->
